<?xml version="1.0" encoding="UTF-8"?>
<testng-results ignored="0" total="1" passed="1" failed="0" skipped="0">
  <reporter-output>
  </reporter-output>
  <suite started-at="2022-01-04T15:42:14 IST" name="Default suite" finished-at="2022-01-04T15:42:34 IST" duration-ms="19755">
    <groups>
    </groups>
    <test started-at="2022-01-04T15:42:14 IST" name="Default test" finished-at="2022-01-04T15:42:34 IST" duration-ms="19755">
      <class name="Testing.man">
        <test-method signature="login()[pri:0, instance:Testing.man@5b239d7d]" started-at="2022-01-04T15:42:14 IST" name="login" finished-at="2022-01-04T15:42:34 IST" duration-ms="19668" status="PASS">
          <reporter-output>
          </reporter-output>
        </test-method> <!-- login -->
      </class> <!-- Testing.man -->
    </test> <!-- Default test -->
  </suite> <!-- Default suite -->
</testng-results>
